2019-11-22 13:47:30.311[nioEventLoopGroup-9-1] INFO  io.netty.handler.logging.LoggingHandler - [id: 0xe2018428, L:/0:0:0:0:0:0:0:0:6969] INACTIVE
2019-11-22 13:47:30.318[nioEventLoopGroup-9-1] INFO  io.netty.handler.logging.LoggingHandler - [id: 0xe2018428, L:/0:0:0:0:0:0:0:0:6969] UNREGISTERED
2019-11-22 13:47:32.531[Thread-33] INFO  c.h.s.config.nettyConfig.NettyServiceConfig - 关闭Netty
2019-11-22 16:58:38.658[restartedMain] INFO  com.hoggen.sublimation.SublimationApplication - Starting SublimationApplication on wangliugendeMacBook-Pro.local with PID 14951 (/Users/hoggen/Desktop/SelfProject/YLJava/idea/sublimation/target/classes started by hoggen in /Users/hoggen/Desktop/SelfProject/YLJava/idea/sublimation)
2019-11-22 16:58:38.661[restartedMain] INFO  com.hoggen.sublimation.SublimationApplication - No active profile set, falling back to default profiles: default
2019-11-22 16:58:38.713[restartedMain] INFO  o.s.b.d.env.DevToolsPropertyDefaultsPostProcessor - Devtools property defaults active! Set 'spring.devtools.add-properties' to 'false' to disable
2019-11-22 16:58:38.713[restartedMain] INFO  o.s.b.d.env.DevToolsPropertyDefaultsPostProcessor - For additional web related logging consider setting the 'logging.level.web' property to 'DEBUG'
2019-11-22 16:58:39.791[restartedMain] INFO  o.s.d.r.config.RepositoryConfigurationDelegate - Multiple Spring Data modules found, entering strict repository configuration mode!
2019-11-22 16:58:39.794[restartedMain] INFO  o.s.d.r.config.RepositoryConfigurationDelegate - Bootstrapping Spring Data repositories in DEFAULT mode.
2019-11-22 16:58:39.852[restartedMain] INFO  o.s.d.r.config.RepositoryConfigurationDelegate - Finished Spring Data repository scanning in 40ms. Found 0 repository interfaces.
2019-11-22 16:58:40.192[restartedMain] INFO  o.s.c.s.PostProcessorRegistrationDelegate$BeanPostProcessorChecker - Bean 'dataSourceConfiguration' of type [com.hoggen.sublimation.config.dao.DataSourceConfiguration$$EnhancerBySpringCGLIB$$2b5c45c1] is not eligible for getting processed by all BeanPostProcessors (for example: not eligible for auto-proxying)
2019-11-22 16:58:40.213[restartedMain] INFO  com.mchange.v2.log.MLog - MLog clients using java 1.4+ standard logging.
2019-11-22 16:58:40.233[restartedMain] INFO  com.mchange.v2.c3p0.C3P0Registry - Initializing c3p0-0.9.1.2 [built 21-May-2007 15:04:56; debug? true; trace: 10]
2019-11-22 16:58:40.377[restartedMain] INFO  o.s.c.s.PostProcessorRegistrationDelegate$BeanPostProcessorChecker - Bean 'dataSource' of type [com.mchange.v2.c3p0.ComboPooledDataSource] is not eligible for getting processed by all BeanPostProcessors (for example: not eligible for auto-proxying)
2019-11-22 16:58:40.379[restartedMain] INFO  o.s.c.s.PostProcessorRegistrationDelegate$BeanPostProcessorChecker - Bean 'transactionManagerConfiguration' of type [com.hoggen.sublimation.config.service.TransactionManagerConfiguration$$EnhancerBySpringCGLIB$$91df97ba] is not eligible for getting processed by all BeanPostProcessors (for example: not eligible for auto-proxying)
2019-11-22 16:58:40.381[restartedMain] INFO  o.s.c.s.PostProcessorRegistrationDelegate$BeanPostProcessorChecker - Bean 'org.springframework.transaction.annotation.ProxyTransactionManagementConfiguration' of type [org.springframework.transaction.annotation.ProxyTransactionManagementConfiguration$$EnhancerBySpringCGLIB$$4ae3c3b9] is not eligible for getting processed by all BeanPostProcessors (for example: not eligible for auto-proxying)
2019-11-22 16:58:40.716[restartedMain] INFO  o.s.boot.web.embedded.tomcat.TomcatWebServer - Tomcat initialized with port(s): 8099 (http)
2019-11-22 16:58:40.733[restartedMain] INFO  org.apache.coyote.http11.Http11NioProtocol - Initializing ProtocolHandler ["http-nio-8099"]
2019-11-22 16:58:40.743[restartedMain] INFO  org.apache.catalina.core.StandardService - Starting service [Tomcat]
2019-11-22 16:58:40.743[restartedMain] INFO  org.apache.catalina.core.StandardEngine - Starting Servlet engine: [Apache Tomcat/9.0.19]
2019-11-22 16:58:40.922[restartedMain] INFO  o.a.c.core.ContainerBase.[Tomcat].[localhost].[/] - Initializing Spring embedded WebApplicationContext
2019-11-22 16:58:40.922[restartedMain] INFO  org.springframework.web.context.ContextLoader - Root WebApplicationContext: initialization completed in 2208 ms
2019-11-22 16:58:41.203[restartedMain] INFO  org.apache.catalina.core.StandardService - Stopping service [Tomcat]
2019-11-22 16:58:41.219[restartedMain] INFO  o.s.b.a.l.ConditionEvaluationReportLoggingListener - 

Error starting ApplicationContext. To display the conditions report re-run your application with 'debug' enabled.
2019-11-22 17:00:34.695[restartedMain] INFO  com.hoggen.sublimation.SublimationApplication - Starting SublimationApplication on wangliugendeMacBook-Pro.local with PID 14960 (/Users/hoggen/Desktop/SelfProject/YLJava/idea/sublimation/target/classes started by hoggen in /Users/hoggen/Desktop/SelfProject/YLJava/idea/sublimation)
2019-11-22 17:00:34.698[restartedMain] INFO  com.hoggen.sublimation.SublimationApplication - No active profile set, falling back to default profiles: default
2019-11-22 17:00:34.734[restartedMain] INFO  o.s.b.d.env.DevToolsPropertyDefaultsPostProcessor - Devtools property defaults active! Set 'spring.devtools.add-properties' to 'false' to disable
2019-11-22 17:00:34.735[restartedMain] INFO  o.s.b.d.env.DevToolsPropertyDefaultsPostProcessor - For additional web related logging consider setting the 'logging.level.web' property to 'DEBUG'
2019-11-22 17:00:35.653[restartedMain] INFO  o.s.d.r.config.RepositoryConfigurationDelegate - Multiple Spring Data modules found, entering strict repository configuration mode!
2019-11-22 17:00:35.656[restartedMain] INFO  o.s.d.r.config.RepositoryConfigurationDelegate - Bootstrapping Spring Data repositories in DEFAULT mode.
2019-11-22 17:00:35.725[restartedMain] INFO  o.s.d.r.config.RepositoryConfigurationDelegate - Finished Spring Data repository scanning in 54ms. Found 0 repository interfaces.
2019-11-22 17:00:36.040[restartedMain] INFO  o.s.c.s.PostProcessorRegistrationDelegate$BeanPostProcessorChecker - Bean 'dataSourceConfiguration' of type [com.hoggen.sublimation.config.dao.DataSourceConfiguration$$EnhancerBySpringCGLIB$$94c37e0] is not eligible for getting processed by all BeanPostProcessors (for example: not eligible for auto-proxying)
2019-11-22 17:00:36.057[restartedMain] INFO  com.mchange.v2.log.MLog - MLog clients using java 1.4+ standard logging.
2019-11-22 17:00:36.072[restartedMain] INFO  com.mchange.v2.c3p0.C3P0Registry - Initializing c3p0-0.9.1.2 [built 21-May-2007 15:04:56; debug? true; trace: 10]
2019-11-22 17:00:36.202[restartedMain] INFO  o.s.c.s.PostProcessorRegistrationDelegate$BeanPostProcessorChecker - Bean 'dataSource' of type [com.mchange.v2.c3p0.ComboPooledDataSource] is not eligible for getting processed by all BeanPostProcessors (for example: not eligible for auto-proxying)
2019-11-22 17:00:36.204[restartedMain] INFO  o.s.c.s.PostProcessorRegistrationDelegate$BeanPostProcessorChecker - Bean 'transactionManagerConfiguration' of type [com.hoggen.sublimation.config.service.TransactionManagerConfiguration$$EnhancerBySpringCGLIB$$6fcf89d9] is not eligible for getting processed by all BeanPostProcessors (for example: not eligible for auto-proxying)
2019-11-22 17:00:36.206[restartedMain] INFO  o.s.c.s.PostProcessorRegistrationDelegate$BeanPostProcessorChecker - Bean 'org.springframework.transaction.annotation.ProxyTransactionManagementConfiguration' of type [org.springframework.transaction.annotation.ProxyTransactionManagementConfiguration$$EnhancerBySpringCGLIB$$28d3b5d8] is not eligible for getting processed by all BeanPostProcessors (for example: not eligible for auto-proxying)
2019-11-22 17:00:36.505[restartedMain] INFO  o.s.boot.web.embedded.tomcat.TomcatWebServer - Tomcat initialized with port(s): 8099 (http)
2019-11-22 17:00:36.518[restartedMain] INFO  org.apache.coyote.http11.Http11NioProtocol - Initializing ProtocolHandler ["http-nio-8099"]
2019-11-22 17:00:36.527[restartedMain] INFO  org.apache.catalina.core.StandardService - Starting service [Tomcat]
2019-11-22 17:00:36.527[restartedMain] INFO  org.apache.catalina.core.StandardEngine - Starting Servlet engine: [Apache Tomcat/9.0.19]
2019-11-22 17:00:36.687[restartedMain] INFO  o.a.c.core.ContainerBase.[Tomcat].[localhost].[/] - Initializing Spring embedded WebApplicationContext
2019-11-22 17:00:36.687[restartedMain] INFO  org.springframework.web.context.ContextLoader - Root WebApplicationContext: initialization completed in 1952 ms
2019-11-22 17:00:36.921[restartedMain] INFO  org.apache.catalina.core.StandardService - Stopping service [Tomcat]
2019-11-22 17:00:36.934[restartedMain] INFO  o.s.b.a.l.ConditionEvaluationReportLoggingListener - 

Error starting ApplicationContext. To display the conditions report re-run your application with 'debug' enabled.
2019-11-22 17:01:17.862[restartedMain] INFO  com.hoggen.sublimation.SublimationApplication - Starting SublimationApplication on wangliugendeMacBook-Pro.local with PID 14964 (/Users/hoggen/Desktop/SelfProject/YLJava/idea/sublimation/target/classes started by hoggen in /Users/hoggen/Desktop/SelfProject/YLJava/idea/sublimation)
2019-11-22 17:01:17.865[restartedMain] INFO  com.hoggen.sublimation.SublimationApplication - No active profile set, falling back to default profiles: default
2019-11-22 17:01:17.907[restartedMain] INFO  o.s.b.d.env.DevToolsPropertyDefaultsPostProcessor - Devtools property defaults active! Set 'spring.devtools.add-properties' to 'false' to disable
2019-11-22 17:01:17.908[restartedMain] INFO  o.s.b.d.env.DevToolsPropertyDefaultsPostProcessor - For additional web related logging consider setting the 'logging.level.web' property to 'DEBUG'
2019-11-22 17:01:18.939[restartedMain] INFO  o.s.d.r.config.RepositoryConfigurationDelegate - Multiple Spring Data modules found, entering strict repository configuration mode!
2019-11-22 17:01:18.942[restartedMain] INFO  o.s.d.r.config.RepositoryConfigurationDelegate - Bootstrapping Spring Data repositories in DEFAULT mode.
2019-11-22 17:01:18.997[restartedMain] INFO  o.s.d.r.config.RepositoryConfigurationDelegate - Finished Spring Data repository scanning in 30ms. Found 0 repository interfaces.
2019-11-22 17:01:19.360[restartedMain] INFO  o.s.c.s.PostProcessorRegistrationDelegate$BeanPostProcessorChecker - Bean 'dataSourceConfiguration' of type [com.hoggen.sublimation.config.dao.DataSourceConfiguration$$EnhancerBySpringCGLIB$$8abc2960] is not eligible for getting processed by all BeanPostProcessors (for example: not eligible for auto-proxying)
2019-11-22 17:01:19.376[restartedMain] INFO  com.mchange.v2.log.MLog - MLog clients using java 1.4+ standard logging.
2019-11-22 17:01:19.392[restartedMain] INFO  com.mchange.v2.c3p0.C3P0Registry - Initializing c3p0-0.9.1.2 [built 21-May-2007 15:04:56; debug? true; trace: 10]
2019-11-22 17:01:19.522[restartedMain] INFO  o.s.c.s.PostProcessorRegistrationDelegate$BeanPostProcessorChecker - Bean 'dataSource' of type [com.mchange.v2.c3p0.ComboPooledDataSource] is not eligible for getting processed by all BeanPostProcessors (for example: not eligible for auto-proxying)
2019-11-22 17:01:19.524[restartedMain] INFO  o.s.c.s.PostProcessorRegistrationDelegate$BeanPostProcessorChecker - Bean 'transactionManagerConfiguration' of type [com.hoggen.sublimation.config.service.TransactionManagerConfiguration$$EnhancerBySpringCGLIB$$f13f7b59] is not eligible for getting processed by all BeanPostProcessors (for example: not eligible for auto-proxying)
2019-11-22 17:01:19.526[restartedMain] INFO  o.s.c.s.PostProcessorRegistrationDelegate$BeanPostProcessorChecker - Bean 'org.springframework.transaction.annotation.ProxyTransactionManagementConfiguration' of type [org.springframework.transaction.annotation.ProxyTransactionManagementConfiguration$$EnhancerBySpringCGLIB$$aa43a758] is not eligible for getting processed by all BeanPostProcessors (for example: not eligible for auto-proxying)
2019-11-22 17:01:19.819[restartedMain] INFO  o.s.boot.web.embedded.tomcat.TomcatWebServer - Tomcat initialized with port(s): 8099 (http)
2019-11-22 17:01:19.834[restartedMain] INFO  org.apache.coyote.http11.Http11NioProtocol - Initializing ProtocolHandler ["http-nio-8099"]
2019-11-22 17:01:19.843[restartedMain] INFO  org.apache.catalina.core.StandardService - Starting service [Tomcat]
2019-11-22 17:01:19.844[restartedMain] INFO  org.apache.catalina.core.StandardEngine - Starting Servlet engine: [Apache Tomcat/9.0.19]
2019-11-22 17:01:20.004[restartedMain] INFO  o.a.c.core.ContainerBase.[Tomcat].[localhost].[/] - Initializing Spring embedded WebApplicationContext
2019-11-22 17:01:20.004[restartedMain] INFO  org.springframework.web.context.ContextLoader - Root WebApplicationContext: initialization completed in 2096 ms
2019-11-22 17:01:20.589[Thread-12] INFO  c.h.s.config.nettyConfig.NettyServiceConfig - 【服务器启动成功========端口：6969】
2019-11-22 17:01:20.678[nioEventLoopGroup-4-1] INFO  io.netty.handler.logging.LoggingHandler - [id: 0x1f37cc92] REGISTERED
2019-11-22 17:01:20.679[nioEventLoopGroup-4-1] INFO  io.netty.handler.logging.LoggingHandler - [id: 0x1f37cc92] BIND: 0.0.0.0/0.0.0.0:6969
2019-11-22 17:01:20.684[nioEventLoopGroup-4-1] INFO  io.netty.handler.logging.LoggingHandler - [id: 0x1f37cc92, L:/0:0:0:0:0:0:0:0:6969] ACTIVE
2019-11-22 17:01:20.926[restartedMain] INFO  s.d.s.w.PropertySourcedRequestMappingHandlerMapping - Mapped URL path [/v2/api-docs] onto method [public org.springframework.http.ResponseEntity<springfox.documentation.spring.web.json.Json> springfox.documentation.swagger2.web.Swagger2Controller.getDocumentation(java.lang.String,javax.servlet.http.HttpServletRequest)]
2019-11-22 17:01:20.929[restartedMain] INFO  c.h.sublimation.config.SwaggerConfig.SwaggerConfig - Starting Swagger
2019-11-22 17:01:20.936[restartedMain] INFO  c.h.sublimation.config.SwaggerConfig.SwaggerConfig - Started Swagger in 7 ms
2019-11-22 17:01:21.054[restartedMain] INFO  o.s.b.d.autoconfigure.OptionalLiveReloadServer - LiveReload server is running on port 35729
2019-11-22 17:01:21.445[restartedMain] INFO  s.d.s.web.plugins.DocumentationPluginsBootstrapper - Context refreshed
2019-11-22 17:01:21.465[restartedMain] INFO  s.d.s.web.plugins.DocumentationPluginsBootstrapper - Found 1 custom documentation plugin(s)
2019-11-22 17:01:21.503[restartedMain] INFO  s.d.spring.web.scanners.ApiListingReferenceScanner - Scanning for api listing references
2019-11-22 17:01:21.657[restartedMain] INFO  org.apache.coyote.http11.Http11NioProtocol - Starting ProtocolHandler ["http-nio-8099"]
2019-11-22 17:01:21.675[restartedMain] INFO  o.s.boot.web.embedded.tomcat.TomcatWebServer - Tomcat started on port(s): 8099 (http) with context path ''
2019-11-22 17:01:21.679[restartedMain] INFO  com.hoggen.sublimation.SublimationApplication - Started SublimationApplication in 4.105 seconds (JVM running for 4.919)
2019-11-22 17:03:29.168[http-nio-8099-exec-1] INFO  o.a.c.core.ContainerBase.[Tomcat].[localhost].[/] - Initializing Spring DispatcherServlet 'dispatcherServlet'
2019-11-22 17:03:29.169[http-nio-8099-exec-1] INFO  org.springframework.web.servlet.DispatcherServlet - Initializing Servlet 'dispatcherServlet'
2019-11-22 17:03:29.180[http-nio-8099-exec-1] INFO  org.springframework.web.servlet.DispatcherServlet - Completed initialization in 10 ms
2019-11-22 17:04:10.819[http-nio-8099-exec-3] INFO  c.m.v2.c3p0.impl.AbstractPoolBackedDataSource - Initializing c3p0 pool... com.mchange.v2.c3p0.ComboPooledDataSource [ acquireIncrement -> 3, acquireRetryAttempts -> 30, acquireRetryDelay -> 1000, autoCommitOnClose -> false, automaticTestTable -> null, breakAfterAcquireFailure -> false, checkoutTimeout -> 0, connectionCustomizerClassName -> null, connectionTesterClassName -> com.mchange.v2.c3p0.impl.DefaultConnectionTester, dataSourceName -> z8kflta614lsiak1bw70a7|662182a, debugUnreturnedConnectionStackTraces -> false, description -> null, driverClass -> com.mysql.cj.jdbc.Driver, factoryClassLocation -> null, forceIgnoreUnresolvedTransactions -> false, identityToken -> z8kflta614lsiak1bw70a7|662182a, idleConnectionTestPeriod -> 0, initialPoolSize -> 3, jdbcUrl -> jdbc:mysql://127.0.0.1:3306/7chat?useUnicode=true&characterEncoding=utf8&useSSL=false&serverTimezone=GMT%2B8, maxAdministrativeTaskTime -> 0, maxConnectionAge -> 0, maxIdleTime -> 0, maxIdleTimeExcessConnections -> 0, maxPoolSize -> 15, maxStatements -> 0, maxStatementsPerConnection -> 0, minPoolSize -> 3, numHelperThreads -> 3, numThreadsAwaitingCheckoutDefaultUser -> 0, preferredTestQuery -> null, properties -> {user=******, password=******}, propertyCycle -> 0, testConnectionOnCheckin -> false, testConnectionOnCheckout -> false, unreturnedConnectionTimeout -> 0, usesTraditionalReflectiveProxies -> false ]
2019-11-22 17:07:34.243[nioEventLoopGroup-4-1] INFO  io.netty.handler.logging.LoggingHandler - [id: 0x1f37cc92, L:/0:0:0:0:0:0:0:0:6969] INACTIVE
2019-11-22 17:07:34.244[nioEventLoopGroup-4-1] INFO  io.netty.handler.logging.LoggingHandler - [id: 0x1f37cc92, L:/0:0:0:0:0:0:0:0:6969] UNREGISTERED
2019-11-22 17:07:36.464[Thread-19] INFO  c.h.s.config.nettyConfig.NettyServiceConfig - 关闭Netty
2019-11-22 17:07:40.245[restartedMain] INFO  com.hoggen.sublimation.SublimationApplication - Starting SublimationApplication on wangliugendeMacBook-Pro.local with PID 15019 (/Users/hoggen/Desktop/SelfProject/YLJava/idea/sublimation/target/classes started by hoggen in /Users/hoggen/Desktop/SelfProject/YLJava/idea/sublimation)
2019-11-22 17:07:40.249[restartedMain] INFO  com.hoggen.sublimation.SublimationApplication - No active profile set, falling back to default profiles: default
2019-11-22 17:07:40.305[restartedMain] INFO  o.s.b.d.env.DevToolsPropertyDefaultsPostProcessor - Devtools property defaults active! Set 'spring.devtools.add-properties' to 'false' to disable
2019-11-22 17:07:40.305[restartedMain] INFO  o.s.b.d.env.DevToolsPropertyDefaultsPostProcessor - For additional web related logging consider setting the 'logging.level.web' property to 'DEBUG'
2019-11-22 17:07:41.340[restartedMain] INFO  o.s.d.r.config.RepositoryConfigurationDelegate - Multiple Spring Data modules found, entering strict repository configuration mode!
2019-11-22 17:07:41.346[restartedMain] INFO  o.s.d.r.config.RepositoryConfigurationDelegate - Bootstrapping Spring Data repositories in DEFAULT mode.
2019-11-22 17:07:41.387[restartedMain] INFO  o.s.d.r.config.RepositoryConfigurationDelegate - Finished Spring Data repository scanning in 30ms. Found 0 repository interfaces.
2019-11-22 17:07:41.715[restartedMain] INFO  o.s.c.s.PostProcessorRegistrationDelegate$BeanPostProcessorChecker - Bean 'dataSourceConfiguration' of type [com.hoggen.sublimation.config.dao.DataSourceConfiguration$$EnhancerBySpringCGLIB$$f11a713] is not eligible for getting processed by all BeanPostProcessors (for example: not eligible for auto-proxying)
2019-11-22 17:07:41.733[restartedMain] INFO  com.mchange.v2.log.MLog - MLog clients using java 1.4+ standard logging.
2019-11-22 17:07:41.749[restartedMain] INFO  com.mchange.v2.c3p0.C3P0Registry - Initializing c3p0-0.9.1.2 [built 21-May-2007 15:04:56; debug? true; trace: 10]
2019-11-22 17:07:41.889[restartedMain] INFO  o.s.c.s.PostProcessorRegistrationDelegate$BeanPostProcessorChecker - Bean 'dataSource' of type [com.mchange.v2.c3p0.ComboPooledDataSource] is not eligible for getting processed by all BeanPostProcessors (for example: not eligible for auto-proxying)
2019-11-22 17:07:41.891[restartedMain] INFO  o.s.c.s.PostProcessorRegistrationDelegate$BeanPostProcessorChecker - Bean 'transactionManagerConfiguration' of type [com.hoggen.sublimation.config.service.TransactionManagerConfiguration$$EnhancerBySpringCGLIB$$7594f90c] is not eligible for getting processed by all BeanPostProcessors (for example: not eligible for auto-proxying)
2019-11-22 17:07:41.893[restartedMain] INFO  o.s.c.s.PostProcessorRegistrationDelegate$BeanPostProcessorChecker - Bean 'org.springframework.transaction.annotation.ProxyTransactionManagementConfiguration' of type [org.springframework.transaction.annotation.ProxyTransactionManagementConfiguration$$EnhancerBySpringCGLIB$$2e99250b] is not eligible for getting processed by all BeanPostProcessors (for example: not eligible for auto-proxying)
2019-11-22 17:07:42.196[restartedMain] INFO  o.s.boot.web.embedded.tomcat.TomcatWebServer - Tomcat initialized with port(s): 8099 (http)
2019-11-22 17:07:42.211[restartedMain] INFO  org.apache.coyote.http11.Http11NioProtocol - Initializing ProtocolHandler ["http-nio-8099"]
2019-11-22 17:07:42.219[restartedMain] INFO  org.apache.catalina.core.StandardService - Starting service [Tomcat]
2019-11-22 17:07:42.219[restartedMain] INFO  org.apache.catalina.core.StandardEngine - Starting Servlet engine: [Apache Tomcat/9.0.19]
2019-11-22 17:07:42.377[restartedMain] INFO  o.a.c.core.ContainerBase.[Tomcat].[localhost].[/] - Initializing Spring embedded WebApplicationContext
2019-11-22 17:07:42.377[restartedMain] INFO  org.springframework.web.context.ContextLoader - Root WebApplicationContext: initialization completed in 2072 ms
2019-11-22 17:07:42.863[Thread-12] INFO  c.h.s.config.nettyConfig.NettyServiceConfig - 【服务器启动成功========端口：6969】
2019-11-22 17:07:42.921[nioEventLoopGroup-4-1] INFO  io.netty.handler.logging.LoggingHandler - [id: 0x5bc0c01a] REGISTERED
2019-11-22 17:07:42.923[nioEventLoopGroup-4-1] INFO  io.netty.handler.logging.LoggingHandler - [id: 0x5bc0c01a] BIND: 0.0.0.0/0.0.0.0:6969
2019-11-22 17:07:42.928[nioEventLoopGroup-4-1] INFO  io.netty.handler.logging.LoggingHandler - [id: 0x5bc0c01a, L:/0:0:0:0:0:0:0:0:6969] ACTIVE
2019-11-22 17:07:43.148[restartedMain] INFO  s.d.s.w.PropertySourcedRequestMappingHandlerMapping - Mapped URL path [/v2/api-docs] onto method [public org.springframework.http.ResponseEntity<springfox.documentation.spring.web.json.Json> springfox.documentation.swagger2.web.Swagger2Controller.getDocumentation(java.lang.String,javax.servlet.http.HttpServletRequest)]
2019-11-22 17:07:43.151[restartedMain] INFO  c.h.sublimation.config.SwaggerConfig.SwaggerConfig - Starting Swagger
2019-11-22 17:07:43.157[restartedMain] INFO  c.h.sublimation.config.SwaggerConfig.SwaggerConfig - Started Swagger in 6 ms
2019-11-22 17:07:43.258[restartedMain] INFO  o.s.b.d.autoconfigure.OptionalLiveReloadServer - LiveReload server is running on port 35729
2019-11-22 17:07:43.604[restartedMain] INFO  s.d.s.web.plugins.DocumentationPluginsBootstrapper - Context refreshed
2019-11-22 17:07:43.619[restartedMain] INFO  s.d.s.web.plugins.DocumentationPluginsBootstrapper - Found 1 custom documentation plugin(s)
2019-11-22 17:07:43.653[restartedMain] INFO  s.d.spring.web.scanners.ApiListingReferenceScanner - Scanning for api listing references
2019-11-22 17:07:43.784[restartedMain] INFO  org.apache.coyote.http11.Http11NioProtocol - Starting ProtocolHandler ["http-nio-8099"]
2019-11-22 17:07:43.797[restartedMain] INFO  o.s.boot.web.embedded.tomcat.TomcatWebServer - Tomcat started on port(s): 8099 (http) with context path ''
2019-11-22 17:07:43.801[restartedMain] INFO  com.hoggen.sublimation.SublimationApplication - Started SublimationApplication in 3.893 seconds (JVM running for 4.654)
2019-11-22 17:07:46.389[http-nio-8099-exec-1] INFO  o.a.c.core.ContainerBase.[Tomcat].[localhost].[/] - Initializing Spring DispatcherServlet 'dispatcherServlet'
2019-11-22 17:07:46.390[http-nio-8099-exec-1] INFO  org.springframework.web.servlet.DispatcherServlet - Initializing Servlet 'dispatcherServlet'
2019-11-22 17:07:46.397[http-nio-8099-exec-1] INFO  org.springframework.web.servlet.DispatcherServlet - Completed initialization in 7 ms
2019-11-22 17:07:46.545[http-nio-8099-exec-1] INFO  c.m.v2.c3p0.impl.AbstractPoolBackedDataSource - Initializing c3p0 pool... com.mchange.v2.c3p0.ComboPooledDataSource [ acquireIncrement -> 3, acquireRetryAttempts -> 30, acquireRetryDelay -> 1000, autoCommitOnClose -> false, automaticTestTable -> null, breakAfterAcquireFailure -> false, checkoutTimeout -> 0, connectionCustomizerClassName -> null, connectionTesterClassName -> com.mchange.v2.c3p0.impl.DefaultConnectionTester, dataSourceName -> 1hge10na614m0pbl19zjspn|71939758, debugUnreturnedConnectionStackTraces -> false, description -> null, driverClass -> com.mysql.cj.jdbc.Driver, factoryClassLocation -> null, forceIgnoreUnresolvedTransactions -> false, identityToken -> 1hge10na614m0pbl19zjspn|71939758, idleConnectionTestPeriod -> 0, initialPoolSize -> 3, jdbcUrl -> jdbc:mysql://127.0.0.1:3306/7chat?useUnicode=true&characterEncoding=utf8&useSSL=false&serverTimezone=GMT%2B8, maxAdministrativeTaskTime -> 0, maxConnectionAge -> 0, maxIdleTime -> 0, maxIdleTimeExcessConnections -> 0, maxPoolSize -> 15, maxStatements -> 0, maxStatementsPerConnection -> 0, minPoolSize -> 3, numHelperThreads -> 3, numThreadsAwaitingCheckoutDefaultUser -> 0, preferredTestQuery -> null, properties -> {user=******, password=******}, propertyCycle -> 0, testConnectionOnCheckin -> false, testConnectionOnCheckout -> false, unreturnedConnectionTimeout -> 0, usesTraditionalReflectiveProxies -> false ]
2019-11-22 17:10:05.677[nioEventLoopGroup-4-1] INFO  io.netty.handler.logging.LoggingHandler - [id: 0x5bc0c01a, L:/0:0:0:0:0:0:0:0:6969] INACTIVE
2019-11-22 17:10:05.678[nioEventLoopGroup-4-1] INFO  io.netty.handler.logging.LoggingHandler - [id: 0x5bc0c01a, L:/0:0:0:0:0:0:0:0:6969] UNREGISTERED
2019-11-22 17:10:07.897[Thread-18] INFO  c.h.s.config.nettyConfig.NettyServiceConfig - 关闭Netty
2019-11-22 17:10:12.536[restartedMain] INFO  com.hoggen.sublimation.SublimationApplication - Starting SublimationApplication on wangliugendeMacBook-Pro.local with PID 15035 (/Users/hoggen/Desktop/SelfProject/YLJava/idea/sublimation/target/classes started by hoggen in /Users/hoggen/Desktop/SelfProject/YLJava/idea/sublimation)
2019-11-22 17:10:12.538[restartedMain] INFO  com.hoggen.sublimation.SublimationApplication - No active profile set, falling back to default profiles: default
2019-11-22 17:10:12.575[restartedMain] INFO  o.s.b.d.env.DevToolsPropertyDefaultsPostProcessor - Devtools property defaults active! Set 'spring.devtools.add-properties' to 'false' to disable
2019-11-22 17:10:12.576[restartedMain] INFO  o.s.b.d.env.DevToolsPropertyDefaultsPostProcessor - For additional web related logging consider setting the 'logging.level.web' property to 'DEBUG'
2019-11-22 17:10:13.452[restartedMain] INFO  o.s.d.r.config.RepositoryConfigurationDelegate - Multiple Spring Data modules found, entering strict repository configuration mode!
2019-11-22 17:10:13.455[restartedMain] INFO  o.s.d.r.config.RepositoryConfigurationDelegate - Bootstrapping Spring Data repositories in DEFAULT mode.
2019-11-22 17:10:13.511[restartedMain] INFO  o.s.d.r.config.RepositoryConfigurationDelegate - Finished Spring Data repository scanning in 43ms. Found 0 repository interfaces.
2019-11-22 17:10:13.876[restartedMain] INFO  o.s.c.s.PostProcessorRegistrationDelegate$BeanPostProcessorChecker - Bean 'dataSourceConfiguration' of type [com.hoggen.sublimation.config.dao.DataSourceConfiguration$$EnhancerBySpringCGLIB$$66a1330a] is not eligible for getting processed by all BeanPostProcessors (for example: not eligible for auto-proxying)
2019-11-22 17:10:13.895[restartedMain] INFO  com.mchange.v2.log.MLog - MLog clients using java 1.4+ standard logging.
2019-11-22 17:10:13.913[restartedMain] INFO  com.mchange.v2.c3p0.C3P0Registry - Initializing c3p0-0.9.1.2 [built 21-May-2007 15:04:56; debug? true; trace: 10]
2019-11-22 17:10:14.075[restartedMain] INFO  o.s.c.s.PostProcessorRegistrationDelegate$BeanPostProcessorChecker - Bean 'dataSource' of type [com.mchange.v2.c3p0.ComboPooledDataSource] is not eligible for getting processed by all BeanPostProcessors (for example: not eligible for auto-proxying)
2019-11-22 17:10:14.078[restartedMain] INFO  o.s.c.s.PostProcessorRegistrationDelegate$BeanPostProcessorChecker - Bean 'transactionManagerConfiguration' of type [com.hoggen.sublimation.config.service.TransactionManagerConfiguration$$EnhancerBySpringCGLIB$$cd248503] is not eligible for getting processed by all BeanPostProcessors (for example: not eligible for auto-proxying)
2019-11-22 17:10:14.082[restartedMain] INFO  o.s.c.s.PostProcessorRegistrationDelegate$BeanPostProcessorChecker - Bean 'org.springframework.transaction.annotation.ProxyTransactionManagementConfiguration' of type [org.springframework.transaction.annotation.ProxyTransactionManagementConfiguration$$EnhancerBySpringCGLIB$$8628b102] is not eligible for getting processed by all BeanPostProcessors (for example: not eligible for auto-proxying)
2019-11-22 17:10:14.407[restartedMain] INFO  o.s.boot.web.embedded.tomcat.TomcatWebServer - Tomcat initialized with port(s): 8099 (http)
2019-11-22 17:10:14.422[restartedMain] INFO  org.apache.coyote.http11.Http11NioProtocol - Initializing ProtocolHandler ["http-nio-8099"]
2019-11-22 17:10:14.432[restartedMain] INFO  org.apache.catalina.core.StandardService - Starting service [Tomcat]
2019-11-22 17:10:14.433[restartedMain] INFO  org.apache.catalina.core.StandardEngine - Starting Servlet engine: [Apache Tomcat/9.0.19]
2019-11-22 17:10:14.602[restartedMain] INFO  o.a.c.core.ContainerBase.[Tomcat].[localhost].[/] - Initializing Spring embedded WebApplicationContext
2019-11-22 17:10:14.602[restartedMain] INFO  org.springframework.web.context.ContextLoader - Root WebApplicationContext: initialization completed in 2026 ms
2019-11-22 17:10:15.126[Thread-12] INFO  c.h.s.config.nettyConfig.NettyServiceConfig - 【服务器启动成功========端口：6969】
2019-11-22 17:10:15.188[nioEventLoopGroup-4-1] INFO  io.netty.handler.logging.LoggingHandler - [id: 0x82e5cb15] REGISTERED
2019-11-22 17:10:15.189[nioEventLoopGroup-4-1] INFO  io.netty.handler.logging.LoggingHandler - [id: 0x82e5cb15] BIND: 0.0.0.0/0.0.0.0:6969
2019-11-22 17:10:15.194[nioEventLoopGroup-4-1] INFO  io.netty.handler.logging.LoggingHandler - [id: 0x82e5cb15, L:/0:0:0:0:0:0:0:0:6969] ACTIVE
2019-11-22 17:10:15.434[restartedMain] INFO  s.d.s.w.PropertySourcedRequestMappingHandlerMapping - Mapped URL path [/v2/api-docs] onto method [public org.springframework.http.ResponseEntity<springfox.documentation.spring.web.json.Json> springfox.documentation.swagger2.web.Swagger2Controller.getDocumentation(java.lang.String,javax.servlet.http.HttpServletRequest)]
2019-11-22 17:10:15.437[restartedMain] INFO  c.h.sublimation.config.SwaggerConfig.SwaggerConfig - Starting Swagger
2019-11-22 17:10:15.443[restartedMain] INFO  c.h.sublimation.config.SwaggerConfig.SwaggerConfig - Started Swagger in 5 ms
2019-11-22 17:10:15.565[restartedMain] INFO  o.s.b.d.autoconfigure.OptionalLiveReloadServer - LiveReload server is running on port 35729
2019-11-22 17:10:15.960[restartedMain] INFO  s.d.s.web.plugins.DocumentationPluginsBootstrapper - Context refreshed
2019-11-22 17:10:15.976[restartedMain] INFO  s.d.s.web.plugins.DocumentationPluginsBootstrapper - Found 1 custom documentation plugin(s)
2019-11-22 17:10:16.013[restartedMain] INFO  s.d.spring.web.scanners.ApiListingReferenceScanner - Scanning for api listing references
2019-11-22 17:10:16.164[restartedMain] INFO  org.apache.coyote.http11.Http11NioProtocol - Starting ProtocolHandler ["http-nio-8099"]
2019-11-22 17:10:16.183[restartedMain] INFO  o.s.boot.web.embedded.tomcat.TomcatWebServer - Tomcat started on port(s): 8099 (http) with context path ''
2019-11-22 17:10:16.188[restartedMain] INFO  com.hoggen.sublimation.SublimationApplication - Started SublimationApplication in 3.933 seconds (JVM running for 4.814)
2019-11-22 17:10:39.892[http-nio-8099-exec-1] INFO  o.a.c.core.ContainerBase.[Tomcat].[localhost].[/] - Initializing Spring DispatcherServlet 'dispatcherServlet'
2019-11-22 17:10:39.893[http-nio-8099-exec-1] INFO  org.springframework.web.servlet.DispatcherServlet - Initializing Servlet 'dispatcherServlet'
2019-11-22 17:10:39.900[http-nio-8099-exec-1] INFO  org.springframework.web.servlet.DispatcherServlet - Completed initialization in 7 ms
2019-11-22 17:10:40.056[http-nio-8099-exec-1] INFO  c.m.v2.c3p0.impl.AbstractPoolBackedDataSource - Initializing c3p0 pool... com.mchange.v2.c3p0.ComboPooledDataSource [ acquireIncrement -> 3, acquireRetryAttempts -> 30, acquireRetryDelay -> 1000, autoCommitOnClose -> false, automaticTestTable -> null, breakAfterAcquireFailure -> false, checkoutTimeout -> 0, connectionCustomizerClassName -> null, connectionTesterClassName -> com.mchange.v2.c3p0.impl.DefaultConnectionTester, dataSourceName -> z8kflta614m3yqc1jcz5ef|267ad6be, debugUnreturnedConnectionStackTraces -> false, description -> null, driverClass -> com.mysql.cj.jdbc.Driver, factoryClassLocation -> null, forceIgnoreUnresolvedTransactions -> false, identityToken -> z8kflta614m3yqc1jcz5ef|267ad6be, idleConnectionTestPeriod -> 0, initialPoolSize -> 3, jdbcUrl -> jdbc:mysql://127.0.0.1:3306/7chat?useUnicode=true&characterEncoding=utf8&useSSL=false&serverTimezone=GMT%2B8, maxAdministrativeTaskTime -> 0, maxConnectionAge -> 0, maxIdleTime -> 0, maxIdleTimeExcessConnections -> 0, maxPoolSize -> 15, maxStatements -> 0, maxStatementsPerConnection -> 0, minPoolSize -> 3, numHelperThreads -> 3, numThreadsAwaitingCheckoutDefaultUser -> 0, preferredTestQuery -> null, properties -> {user=******, password=******}, propertyCycle -> 0, testConnectionOnCheckin -> false, testConnectionOnCheckout -> false, unreturnedConnectionTimeout -> 0, usesTraditionalReflectiveProxies -> false ]
2019-11-22 17:10:54.101[http-nio-8099-exec-2] INFO  c.h.s.service.httpsevice.Impl.LoginServiceImpl - userLoginJudge
2019-11-22 17:10:54.248[http-nio-8099-exec-2] INFO  io.lettuce.core.EpollProvider - Starting without optional epoll library
2019-11-22 17:10:54.249[http-nio-8099-exec-2] INFO  io.lettuce.core.KqueueProvider - Starting without optional kqueue library
2019-11-22 17:12:50.603[nioEventLoopGroup-4-1] INFO  io.netty.handler.logging.LoggingHandler - [id: 0x82e5cb15, L:/0:0:0:0:0:0:0:0:6969] INACTIVE
2019-11-22 17:12:50.605[nioEventLoopGroup-4-1] INFO  io.netty.handler.logging.LoggingHandler - [id: 0x82e5cb15, L:/0:0:0:0:0:0:0:0:6969] UNREGISTERED
2019-11-22 17:12:52.820[Thread-19] INFO  c.h.s.config.nettyConfig.NettyServiceConfig - 关闭Netty
2019-11-22 17:12:56.977[restartedMain] INFO  com.hoggen.sublimation.SublimationApplication - Starting SublimationApplication on wangliugendeMacBook-Pro.local with PID 15043 (/Users/hoggen/Desktop/SelfProject/YLJava/idea/sublimation/target/classes started by hoggen in /Users/hoggen/Desktop/SelfProject/YLJava/idea/sublimation)
2019-11-22 17:12:56.981[restartedMain] INFO  com.hoggen.sublimation.SublimationApplication - No active profile set, falling back to default profiles: default
2019-11-22 17:12:57.039[restartedMain] INFO  o.s.b.d.env.DevToolsPropertyDefaultsPostProcessor - Devtools property defaults active! Set 'spring.devtools.add-properties' to 'false' to disable
2019-11-22 17:12:57.040[restartedMain] INFO  o.s.b.d.env.DevToolsPropertyDefaultsPostProcessor - For additional web related logging consider setting the 'logging.level.web' property to 'DEBUG'
2019-11-22 17:12:58.148[restartedMain] INFO  o.s.d.r.config.RepositoryConfigurationDelegate - Multiple Spring Data modules found, entering strict repository configuration mode!
2019-11-22 17:12:58.163[restartedMain] INFO  o.s.d.r.config.RepositoryConfigurationDelegate - Bootstrapping Spring Data repositories in DEFAULT mode.
2019-11-22 17:12:58.211[restartedMain] INFO  o.s.d.r.config.RepositoryConfigurationDelegate - Finished Spring Data repository scanning in 32ms. Found 0 repository interfaces.
2019-11-22 17:12:58.539[restartedMain] INFO  o.s.c.s.PostProcessorRegistrationDelegate$BeanPostProcessorChecker - Bean 'dataSourceConfiguration' of type [com.hoggen.sublimation.config.dao.DataSourceConfiguration$$EnhancerBySpringCGLIB$$4b914da1] is not eligible for getting processed by all BeanPostProcessors (for example: not eligible for auto-proxying)
2019-11-22 17:12:58.560[restartedMain] INFO  com.mchange.v2.log.MLog - MLog clients using java 1.4+ standard logging.
2019-11-22 17:12:58.579[restartedMain] INFO  com.mchange.v2.c3p0.C3P0Registry - Initializing c3p0-0.9.1.2 [built 21-May-2007 15:04:56; debug? true; trace: 10]
2019-11-22 17:12:58.728[restartedMain] INFO  o.s.c.s.PostProcessorRegistrationDelegate$BeanPostProcessorChecker - Bean 'dataSource' of type [com.mchange.v2.c3p0.ComboPooledDataSource] is not eligible for getting processed by all BeanPostProcessors (for example: not eligible for auto-proxying)
2019-11-22 17:12:58.730[restartedMain] INFO  o.s.c.s.PostProcessorRegistrationDelegate$BeanPostProcessorChecker - Bean 'transactionManagerConfiguration' of type [com.hoggen.sublimation.config.service.TransactionManagerConfiguration$$EnhancerBySpringCGLIB$$b2149f9a] is not eligible for getting processed by all BeanPostProcessors (for example: not eligible for auto-proxying)
2019-11-22 17:12:58.732[restartedMain] INFO  o.s.c.s.PostProcessorRegistrationDelegate$BeanPostProcessorChecker - Bean 'org.springframework.transaction.annotation.ProxyTransactionManagementConfiguration' of type [org.springframework.transaction.annotation.ProxyTransactionManagementConfiguration$$EnhancerBySpringCGLIB$$6b18cb99] is not eligible for getting processed by all BeanPostProcessors (for example: not eligible for auto-proxying)
2019-11-22 17:12:59.045[restartedMain] INFO  o.s.boot.web.embedded.tomcat.TomcatWebServer - Tomcat initialized with port(s): 8099 (http)
2019-11-22 17:12:59.059[restartedMain] INFO  org.apache.coyote.http11.Http11NioProtocol - Initializing ProtocolHandler ["http-nio-8099"]
2019-11-22 17:12:59.084[restartedMain] INFO  org.apache.catalina.core.StandardService - Starting service [Tomcat]
2019-11-22 17:12:59.085[restartedMain] INFO  org.apache.catalina.core.StandardEngine - Starting Servlet engine: [Apache Tomcat/9.0.19]
2019-11-22 17:12:59.233[restartedMain] INFO  o.a.c.core.ContainerBase.[Tomcat].[localhost].[/] - Initializing Spring embedded WebApplicationContext
2019-11-22 17:12:59.233[restartedMain] INFO  org.springframework.web.context.ContextLoader - Root WebApplicationContext: initialization completed in 2193 ms
2019-11-22 17:12:59.741[Thread-12] INFO  c.h.s.config.nettyConfig.NettyServiceConfig - 【服务器启动成功========端口：6969】
2019-11-22 17:12:59.802[nioEventLoopGroup-4-1] INFO  io.netty.handler.logging.LoggingHandler - [id: 0x2fb39071] REGISTERED
2019-11-22 17:12:59.803[nioEventLoopGroup-4-1] INFO  io.netty.handler.logging.LoggingHandler - [id: 0x2fb39071] BIND: 0.0.0.0/0.0.0.0:6969
2019-11-22 17:12:59.808[nioEventLoopGroup-4-1] INFO  io.netty.handler.logging.LoggingHandler - [id: 0x2fb39071, L:/0:0:0:0:0:0:0:0:6969] ACTIVE
2019-11-22 17:13:00.023[restartedMain] INFO  s.d.s.w.PropertySourcedRequestMappingHandlerMapping - Mapped URL path [/v2/api-docs] onto method [public org.springframework.http.ResponseEntity<springfox.documentation.spring.web.json.Json> springfox.documentation.swagger2.web.Swagger2Controller.getDocumentation(java.lang.String,javax.servlet.http.HttpServletRequest)]
2019-11-22 17:13:00.026[restartedMain] INFO  c.h.sublimation.config.SwaggerConfig.SwaggerConfig - Starting Swagger
2019-11-22 17:13:00.032[restartedMain] INFO  c.h.sublimation.config.SwaggerConfig.SwaggerConfig - Started Swagger in 6 ms
2019-11-22 17:13:00.136[restartedMain] INFO  o.s.b.d.autoconfigure.OptionalLiveReloadServer - LiveReload server is running on port 35729
2019-11-22 17:13:00.497[restartedMain] INFO  s.d.s.web.plugins.DocumentationPluginsBootstrapper - Context refreshed
2019-11-22 17:13:00.513[restartedMain] INFO  s.d.s.web.plugins.DocumentationPluginsBootstrapper - Found 1 custom documentation plugin(s)
2019-11-22 17:13:00.546[restartedMain] INFO  s.d.spring.web.scanners.ApiListingReferenceScanner - Scanning for api listing references
2019-11-22 17:13:00.681[restartedMain] INFO  org.apache.coyote.http11.Http11NioProtocol - Starting ProtocolHandler ["http-nio-8099"]
2019-11-22 17:13:00.695[restartedMain] INFO  o.s.boot.web.embedded.tomcat.TomcatWebServer - Tomcat started on port(s): 8099 (http) with context path ''
2019-11-22 17:13:00.699[restartedMain] INFO  com.hoggen.sublimation.SublimationApplication - Started SublimationApplication in 4.115 seconds (JVM running for 5.011)
2019-11-22 17:13:12.474[http-nio-8099-exec-1] INFO  o.a.c.core.ContainerBase.[Tomcat].[localhost].[/] - Initializing Spring DispatcherServlet 'dispatcherServlet'
2019-11-22 17:13:12.475[http-nio-8099-exec-1] INFO  org.springframework.web.servlet.DispatcherServlet - Initializing Servlet 'dispatcherServlet'
2019-11-22 17:13:12.482[http-nio-8099-exec-1] INFO  org.springframework.web.servlet.DispatcherServlet - Completed initialization in 7 ms
2019-11-22 17:13:47.249[http-nio-8099-exec-3] INFO  c.m.v2.c3p0.impl.AbstractPoolBackedDataSource - Initializing c3p0 pool... com.mchange.v2.c3p0.ComboPooledDataSource [ acquireIncrement -> 3, acquireRetryAttempts -> 30, acquireRetryDelay -> 1000, autoCommitOnClose -> false, automaticTestTable -> null, breakAfterAcquireFailure -> false, checkoutTimeout -> 0, connectionCustomizerClassName -> null, connectionTesterClassName -> com.mchange.v2.c3p0.impl.DefaultConnectionTester, dataSourceName -> z8kflta614m7hsf1lcj2mk|3592a2e0, debugUnreturnedConnectionStackTraces -> false, description -> null, driverClass -> com.mysql.cj.jdbc.Driver, factoryClassLocation -> null, forceIgnoreUnresolvedTransactions -> false, identityToken -> z8kflta614m7hsf1lcj2mk|3592a2e0, idleConnectionTestPeriod -> 0, initialPoolSize -> 3, jdbcUrl -> jdbc:mysql://127.0.0.1:3306/7chat?useUnicode=true&characterEncoding=utf8&useSSL=false&serverTimezone=GMT%2B8, maxAdministrativeTaskTime -> 0, maxConnectionAge -> 0, maxIdleTime -> 0, maxIdleTimeExcessConnections -> 0, maxPoolSize -> 15, maxStatements -> 0, maxStatementsPerConnection -> 0, minPoolSize -> 3, numHelperThreads -> 3, numThreadsAwaitingCheckoutDefaultUser -> 0, preferredTestQuery -> null, properties -> {user=******, password=******}, propertyCycle -> 0, testConnectionOnCheckin -> false, testConnectionOnCheckout -> false, unreturnedConnectionTimeout -> 0, usesTraditionalReflectiveProxies -> false ]
2019-11-22 17:15:06.981[http-nio-8099-exec-5] INFO  c.h.s.service.httpsevice.Impl.LoginServiceImpl - userLoginJudge
2019-11-22 17:15:07.305[http-nio-8099-exec-5] INFO  io.lettuce.core.EpollProvider - Starting without optional epoll library
2019-11-22 17:15:07.306[http-nio-8099-exec-5] INFO  io.lettuce.core.KqueueProvider - Starting without optional kqueue library
2019-11-22 17:32:19.500[http-nio-8099-exec-9] INFO  c.h.s.service.httpsevice.Impl.LoginServiceImpl - userLoginJudge
2019-11-22 17:32:19.726[nioEventLoopGroup-4-1] INFO  io.netty.handler.logging.LoggingHandler - [id: 0x2fb39071, L:/0:0:0:0:0:0:0:0:6969] READ: [id: 0x9ef578fd, L:/192.168.0.167:6969 - R:/192.168.2.6:51200]
2019-11-22 17:32:19.727[nioEventLoopGroup-4-1] INFO  io.netty.handler.logging.LoggingHandler - [id: 0x2fb39071, L:/0:0:0:0:0:0:0:0:6969] READ COMPLETE
2019-11-22 17:32:19.773[nioEventLoopGroup-6-1] INFO  c.h.s.util.NettyHandler.CustomTextFrameHandler - 【handlerAdded】====>9ef578fd
2019-11-22 17:32:19.774[nioEventLoopGroup-6-1] INFO  c.h.s.util.NettyHandler.CustomTextFrameHandler - 剩余客户端：1
2019-11-22 17:32:19.774[nioEventLoopGroup-6-1] INFO  c.h.s.util.NettyHandler.CustomTextFrameHandler - 【channelActive】=====>[id: 0x9ef578fd, L:/192.168.0.167:6969 - R:/192.168.2.6:51200]
2019-11-22 17:32:46.879[nioEventLoopGroup-6-1] INFO  c.h.s.util.NettyHandler.CustomTextFrameHandler - 【ping】
2019-11-22 17:33:13.876[nioEventLoopGroup-6-1] INFO  c.h.s.util.NettyHandler.CustomTextFrameHandler - 【ping】
2019-11-22 17:33:40.912[nioEventLoopGroup-6-1] INFO  c.h.s.util.NettyHandler.CustomTextFrameHandler - 【ping】
2019-11-22 17:34:07.877[nioEventLoopGroup-6-1] INFO  c.h.s.util.NettyHandler.CustomTextFrameHandler - 【ping】
2019-11-22 17:34:34.899[nioEventLoopGroup-6-1] INFO  c.h.s.util.NettyHandler.CustomTextFrameHandler - 【ping】
2019-11-22 17:35:01.875[nioEventLoopGroup-6-1] INFO  c.h.s.util.NettyHandler.CustomTextFrameHandler - 【ping】
2019-11-22 17:35:28.851[nioEventLoopGroup-6-1] INFO  c.h.s.util.NettyHandler.CustomTextFrameHandler - 【ping】
2019-11-22 17:35:55.893[nioEventLoopGroup-6-1] INFO  c.h.s.util.NettyHandler.CustomTextFrameHandler - 【ping】
2019-11-22 17:36:22.874[nioEventLoopGroup-6-1] INFO  c.h.s.util.NettyHandler.CustomTextFrameHandler - 【ping】
2019-11-22 17:36:49.874[nioEventLoopGroup-6-1] INFO  c.h.s.util.NettyHandler.CustomTextFrameHandler - 【ping】
2019-11-22 17:37:16.873[nioEventLoopGroup-6-1] INFO  c.h.s.util.NettyHandler.CustomTextFrameHandler - 【ping】
2019-11-22 17:37:43.885[nioEventLoopGroup-6-1] INFO  c.h.s.util.NettyHandler.CustomTextFrameHandler - 【ping】
2019-11-22 17:38:10.873[nioEventLoopGroup-6-1] INFO  c.h.s.util.NettyHandler.CustomTextFrameHandler - 【ping】
2019-11-22 17:38:37.924[nioEventLoopGroup-6-1] INFO  c.h.s.util.NettyHandler.CustomTextFrameHandler - 【ping】
2019-11-22 17:39:04.874[nioEventLoopGroup-6-1] INFO  c.h.s.util.NettyHandler.CustomTextFrameHandler - 【ping】
2019-11-22 17:39:31.872[nioEventLoopGroup-6-1] INFO  c.h.s.util.NettyHandler.CustomTextFrameHandler - 【ping】
2019-11-22 17:39:58.951[nioEventLoopGroup-6-1] INFO  c.h.s.util.NettyHandler.CustomTextFrameHandler - 【ping】
2019-11-22 17:40:25.887[nioEventLoopGroup-6-1] INFO  c.h.s.util.NettyHandler.CustomTextFrameHandler - 【ping】
2019-11-22 17:40:52.859[nioEventLoopGroup-6-1] INFO  c.h.s.util.NettyHandler.CustomTextFrameHandler - 【ping】
2019-11-22 17:41:19.871[nioEventLoopGroup-6-1] INFO  c.h.s.util.NettyHandler.CustomTextFrameHandler - 【ping】
2019-11-22 17:41:24.547[nioEventLoopGroup-6-1] INFO  c.h.s.util.NettyHandler.CustomTextFrameHandler - 【channelInactive】=====>[id: 0x9ef578fd, L:/192.168.0.167:6969 ! R:/192.168.2.6:51200]
2019-11-22 17:41:24.548[nioEventLoopGroup-6-1] INFO  c.h.s.util.NettyHandler.CustomTextFrameHandler - 【handlerRemoved】====>9ef578fd
2019-11-22 17:41:24.548[nioEventLoopGroup-6-1] INFO  c.h.s.util.NettyHandler.CustomTextFrameHandler - 剩余客户端：0
